<?xml version="1.0" encoding="UTF-8"?>
<!-- Generated by org.testng.reporters.JUnitXMLReporter -->
<testsuite hostname="NGOC-THY-PC" name="Default test" tests="3" failures="0" timestamp="9 Sep 2020 16:09:39 GMT" time="42.242" errors="0">
  <testcase name="TC_01_ValidateCurrentUrl" time="0.03" classname="webdriver.Topic_01_Check_Selenium"/>
  <testcase name="TC_02_ValidatePageTitle" time="0.022" classname="webdriver.Topic_01_Check_Selenium"/>
  <testcase name="TC_03_LoginFormDisplayed" time="0.262" classname="webdriver.Topic_01_Check_Selenium"/>
</testsuite> <!-- Default test -->
